Drill report for Forte_PA_Deck.kicad_pcb
Created on 2024-09-01T09:55:52+0200

Copper Layer Stackup:
    =============================================================
    L1 :  F.Cu                      front
    L2 :  B.Cu                      back


Drill file 'Forte_PA_Deck-PTH.drl' contains
    plated through holes:
    =============================================================
    T1  0,600mm  0,0236"  (749 holes)
    T2  0,800mm  0,0315"  (3 holes)
    T3  1,000mm  0,0394"  (300 holes)
    T4  1,500mm  0,0591"  (2 holes)
    T5  2,500mm  0,0984"  (6 holes)
    T6  4,200mm  0,1654"  (8 holes)

    Total plated holes count 1068


Drill file 'Forte_PA_Deck-NPTH.drl' contains
    unplated through holes:
    =============================================================
    T1  3,600mm  0,1417"  (2 holes)

    Total unplated holes count 2
